<?xml version="1.0" encoding="UTF-8"?>
<!-- Generated by org.testng.reporters.JUnitReportReporter -->
<testsuite hostname="D-113193352" failures="0" tests="1" name="com.tririga.space.sample" time="1.525" errors="0" timestamp="2020-09-28T16:16:28 IST" skipped="0">
  <testcase classname="com.tririga.space.sample" name="loginTest" time="1.525"/>
  <system-out/>
</testsuite> <!-- com.tririga.space.sample -->
